<?xml version="1.0" encoding="UTF-8"?>
<testsuite xmlns:xsi="http://www.w3.org/2001/XMLSchema-instance" xsi:noNamespaceSchemaLocation="https://maven.apache.org/surefire/maven-surefire-plugin/xsd/surefire-test-report-3.0.xsd" version="3.0" name="com.reedelk.esb.flow.deserializer.node.TryCatchDeserializerTest" time="0.062" tests="2" errors="0" skipped="0" failures="0">
  <properties>
    <property name="gopherProxySet" value="false"/>
    <property name="awt.toolkit" value="sun.lwawt.macosx.LWCToolkit"/>
    <property name="java.specification.version" value="11"/>
    <property name="sun.cpu.isalist" value=""/>
    <property name="sun.jnu.encoding" value="UTF-8"/>
    <property name="java.class.path" value="/Users/lorenzo/Desktop/esb-project/runtime/runtime-esb/target/test-classes:/Users/lorenzo/Desktop/esb-project/runtime/runtime-esb/target/classes:/Users/lorenzo/Desktop/esb-project/runtime/runtime-api/target/runtime-api-0.9.0.jar:/Users/lorenzo/Desktop/esb-project/runtime/runtime-commons/target/runtime-commons-0.9.0.jar:/Users/lorenzo/.m2/repository/org/json/json/20190722/json-20190722.jar:/Users/lorenzo/.m2/repository/org/osgi/org.osgi.core/6.0.0/org.osgi.core-6.0.0.jar:/Users/lorenzo/.m2/repository/org/osgi/org.osgi.service.cm/1.6.0/org.osgi.service.cm-1.6.0.jar:/Users/lorenzo/.m2/repository/org/osgi/org.osgi.service.component.annotations/1.4.0/org.osgi.service.component.annotations-1.4.0.jar:/Users/lorenzo/.m2/repository/org/ops4j/pax/logging/pax-logging-logback/1.10.1/pax-logging-logback-1.10.1.jar:/Users/lorenzo/.m2/repository/ch/qos/logback/logback-classic/1.2.3/logback-classic-1.2.3.jar:/Users/lorenzo/.m2/repository/org/slf4j/slf4j-api/1.7.26/slf4j-api-1.7.26.jar:/Users/lorenzo/.m2/repository/ch/qos/logback/logback-core/1.2.3/logback-core-1.2.3.jar:/Users/lorenzo/.m2/repository/ch/qos/logback/contrib/logback-jackson/0.1.2/logback-jackson-0.1.2.jar:/Users/lorenzo/.m2/repository/ch/qos/logback/contrib/logback-json-core/0.1.2/logback-json-core-0.1.2.jar:/Users/lorenzo/.m2/repository/ch/qos/logback/contrib/logback-json-classic/0.1.2/logback-json-classic-0.1.2.jar:/Users/lorenzo/.m2/repository/org/junit/jupiter/junit-jupiter-api/5.6.0-M1/junit-jupiter-api-5.6.0-M1.jar:/Users/lorenzo/.m2/repository/org/apiguardian/apiguardian-api/1.1.0/apiguardian-api-1.1.0.jar:/Users/lorenzo/.m2/repository/org/opentest4j/opentest4j/1.2.0/opentest4j-1.2.0.jar:/Users/lorenzo/.m2/repository/org/junit/platform/junit-platform-commons/1.6.0-M1/junit-platform-commons-1.6.0-M1.jar:/Users/lorenzo/.m2/repository/org/junit/jupiter/junit-jupiter-engine/5.6.0-M1/junit-jupiter-engine-5.6.0-M1.jar:/Users/lorenzo/.m2/repository/org/junit/platform/junit-platform-engine/1.6.0-M1/junit-platform-engine-1.6.0-M1.jar:/Users/lorenzo/.m2/repository/org/mockito/mockito-junit-jupiter/2.23.0/mockito-junit-jupiter-2.23.0.jar:/Users/lorenzo/.m2/repository/org/mockito/mockito-core/2.23.0/mockito-core-2.23.0.jar:/Users/lorenzo/.m2/repository/net/bytebuddy/byte-buddy/1.9.0/byte-buddy-1.9.0.jar:/Users/lorenzo/.m2/repository/net/bytebuddy/byte-buddy-agent/1.9.0/byte-buddy-agent-1.9.0.jar:/Users/lorenzo/.m2/repository/org/objenesis/objenesis/2.6/objenesis-2.6.jar:/Users/lorenzo/.m2/repository/org/assertj/assertj-core/3.11.1/assertj-core-3.11.1.jar:/Users/lorenzo/.m2/repository/org/skyscreamer/jsonassert/1.5.0/jsonassert-1.5.0.jar:/Users/lorenzo/.m2/repository/com/vaadin/external/google/android-json/0.0.20131108.vaadin1/android-json-0.0.20131108.vaadin1.jar:/Users/lorenzo/.m2/repository/io/projectreactor/reactor-test/3.2.12.RELEASE/reactor-test-3.2.12.RELEASE.jar:/Users/lorenzo/.m2/repository/io/projectreactor/reactor-core/3.2.12.RELEASE/reactor-core-3.2.12.RELEASE.jar:/Users/lorenzo/.m2/repository/org/reactivestreams/reactive-streams/1.0.2/reactive-streams-1.0.2.jar:"/>
    <property name="java.vm.vendor" value="Oracle Corporation"/>
    <property name="sun.arch.data.model" value="64"/>
    <property name="java.vendor.url" value="http://java.oracle.com/"/>
    <property name="user.timezone" value=""/>
    <property name="java.vm.specification.version" value="11"/>
    <property name="os.name" value="Mac OS X"/>
    <property name="sun.java.launcher" value="SUN_STANDARD"/>
    <property name="user.country" value="CH"/>
    <property name="sun.boot.library.path" value="/Library/Java/JavaVirtualMachines/jdk-11.0.1.jdk/Contents/Home/lib"/>
    <property name="sun.java.command" value="/Users/lorenzo/Desktop/esb-project/runtime/runtime-esb/target/surefire/surefirebooter14983116560063938201.jar /Users/lorenzo/Desktop/esb-project/runtime/runtime-esb/target/surefire 2020-01-05T13-59-40_467-jvmRun1 surefire6227926255282346588tmp surefire_28702189685702592082tmp"/>
    <property name="http.nonProxyHosts" value="local|*.local|169.254/16|*.169.254/16"/>
    <property name="jdk.debug" value="release"/>
    <property name="surefire.test.class.path" value="/Users/lorenzo/Desktop/esb-project/runtime/runtime-esb/target/test-classes:/Users/lorenzo/Desktop/esb-project/runtime/runtime-esb/target/classes:/Users/lorenzo/Desktop/esb-project/runtime/runtime-api/target/runtime-api-0.9.0.jar:/Users/lorenzo/Desktop/esb-project/runtime/runtime-commons/target/runtime-commons-0.9.0.jar:/Users/lorenzo/.m2/repository/org/json/json/20190722/json-20190722.jar:/Users/lorenzo/.m2/repository/org/osgi/org.osgi.core/6.0.0/org.osgi.core-6.0.0.jar:/Users/lorenzo/.m2/repository/org/osgi/org.osgi.service.cm/1.6.0/org.osgi.service.cm-1.6.0.jar:/Users/lorenzo/.m2/repository/org/osgi/org.osgi.service.component.annotations/1.4.0/org.osgi.service.component.annotations-1.4.0.jar:/Users/lorenzo/.m2/repository/org/ops4j/pax/logging/pax-logging-logback/1.10.1/pax-logging-logback-1.10.1.jar:/Users/lorenzo/.m2/repository/ch/qos/logback/logback-classic/1.2.3/logback-classic-1.2.3.jar:/Users/lorenzo/.m2/repository/org/slf4j/slf4j-api/1.7.26/slf4j-api-1.7.26.jar:/Users/lorenzo/.m2/repository/ch/qos/logback/logback-core/1.2.3/logback-core-1.2.3.jar:/Users/lorenzo/.m2/repository/ch/qos/logback/contrib/logback-jackson/0.1.2/logback-jackson-0.1.2.jar:/Users/lorenzo/.m2/repository/ch/qos/logback/contrib/logback-json-core/0.1.2/logback-json-core-0.1.2.jar:/Users/lorenzo/.m2/repository/ch/qos/logback/contrib/logback-json-classic/0.1.2/logback-json-classic-0.1.2.jar:/Users/lorenzo/.m2/repository/org/junit/jupiter/junit-jupiter-api/5.6.0-M1/junit-jupiter-api-5.6.0-M1.jar:/Users/lorenzo/.m2/repository/org/apiguardian/apiguardian-api/1.1.0/apiguardian-api-1.1.0.jar:/Users/lorenzo/.m2/repository/org/opentest4j/opentest4j/1.2.0/opentest4j-1.2.0.jar:/Users/lorenzo/.m2/repository/org/junit/platform/junit-platform-commons/1.6.0-M1/junit-platform-commons-1.6.0-M1.jar:/Users/lorenzo/.m2/repository/org/junit/jupiter/junit-jupiter-engine/5.6.0-M1/junit-jupiter-engine-5.6.0-M1.jar:/Users/lorenzo/.m2/repository/org/junit/platform/junit-platform-engine/1.6.0-M1/junit-platform-engine-1.6.0-M1.jar:/Users/lorenzo/.m2/repository/org/mockito/mockito-junit-jupiter/2.23.0/mockito-junit-jupiter-2.23.0.jar:/Users/lorenzo/.m2/repository/org/mockito/mockito-core/2.23.0/mockito-core-2.23.0.jar:/Users/lorenzo/.m2/repository/net/bytebuddy/byte-buddy/1.9.0/byte-buddy-1.9.0.jar:/Users/lorenzo/.m2/repository/net/bytebuddy/byte-buddy-agent/1.9.0/byte-buddy-agent-1.9.0.jar:/Users/lorenzo/.m2/repository/org/objenesis/objenesis/2.6/objenesis-2.6.jar:/Users/lorenzo/.m2/repository/org/assertj/assertj-core/3.11.1/assertj-core-3.11.1.jar:/Users/lorenzo/.m2/repository/org/skyscreamer/jsonassert/1.5.0/jsonassert-1.5.0.jar:/Users/lorenzo/.m2/repository/com/vaadin/external/google/android-json/0.0.20131108.vaadin1/android-json-0.0.20131108.vaadin1.jar:/Users/lorenzo/.m2/repository/io/projectreactor/reactor-test/3.2.12.RELEASE/reactor-test-3.2.12.RELEASE.jar:/Users/lorenzo/.m2/repository/io/projectreactor/reactor-core/3.2.12.RELEASE/reactor-core-3.2.12.RELEASE.jar:/Users/lorenzo/.m2/repository/org/reactivestreams/reactive-streams/1.0.2/reactive-streams-1.0.2.jar:"/>
    <property name="sun.cpu.endian" value="little"/>
    <property name="user.home" value="/Users/lorenzo"/>
    <property name="user.language" value="en"/>
    <property name="java.specification.vendor" value="Oracle Corporation"/>
    <property name="java.version.date" value="2018-10-16"/>
    <property name="java.home" value="/Library/Java/JavaVirtualMachines/jdk-11.0.1.jdk/Contents/Home"/>
    <property name="file.separator" value="/"/>
    <property name="basedir" value="/Users/lorenzo/Desktop/esb-project/runtime/runtime-esb"/>
    <property name="java.vm.compressedOopsMode" value="Zero based"/>
    <property name="line.separator" value="&#10;"/>
    <property name="java.specification.name" value="Java Platform API Specification"/>
    <property name="java.vm.specification.vendor" value="Oracle Corporation"/>
    <property name="java.awt.graphicsenv" value="sun.awt.CGraphicsEnvironment"/>
    <property name="surefire.real.class.path" value="/Users/lorenzo/Desktop/esb-project/runtime/runtime-esb/target/surefire/surefirebooter14983116560063938201.jar"/>
    <property name="sun.management.compiler" value="HotSpot 64-Bit Tiered Compilers"/>
    <property name="ftp.nonProxyHosts" value="local|*.local|169.254/16|*.169.254/16"/>
    <property name="java.runtime.version" value="11.0.1+13-LTS"/>
    <property name="user.name" value="Reedelk"/>
    <property name="path.separator" value=":"/>
    <property name="os.version" value="10.11.3"/>
    <property name="java.runtime.name" value="Java(TM) SE Runtime Environment"/>
    <property name="file.encoding" value="UTF-8"/>
    <property name="java.vm.name" value="Java HotSpot(TM) 64-Bit Server VM"/>
    <property name="java.vendor.version" value="18.9"/>
    <property name="localRepository" value="/Users/lorenzo/.m2/repository"/>
    <property name="java.vendor.url.bug" value="http://bugreport.java.com/bugreport/"/>
    <property name="java.io.tmpdir" value="/var/folders/pd/zn70gb0n5wg2rrr_jssld_wc0000gn/T/"/>
    <property name="java.version" value="11.0.1"/>
    <property name="user.dir" value="/Users/lorenzo/Desktop/esb-project/runtime/runtime-esb"/>
    <property name="os.arch" value="x86_64"/>
    <property name="java.vm.specification.name" value="Java Virtual Machine Specification"/>
    <property name="java.awt.printerjob" value="sun.lwawt.macosx.CPrinterJob"/>
    <property name="sun.os.patch.level" value="unknown"/>
    <property name="java.library.path" value="/Users/lorenzo/Library/Java/Extensions:/Library/Java/Extensions:/Network/Library/Java/Extensions:/System/Library/Java/Extensions:/usr/lib/java:."/>
    <property name="java.vendor" value="Oracle Corporation"/>
    <property name="java.vm.info" value="mixed mode"/>
    <property name="java.vm.version" value="11.0.1+13-LTS"/>
    <property name="sun.io.unicode.encoding" value="UnicodeBig"/>
    <property name="java.class.version" value="55.0"/>
    <property name="socksNonProxyHosts" value="local|*.local|169.254/16|*.169.254/16"/>
  </properties>
  <testcase name="shouldCorrectlyDeserializeTryCatchComponent" classname="com.reedelk.esb.flow.deserializer.node.TryCatchDeserializerTest" time="0.022"/>
  <testcase name="shouldCorrectlyDeserializeNestedTryCatchComponent" classname="com.reedelk.esb.flow.deserializer.node.TryCatchDeserializerTest" time="0.04"/>
</testsuite>